Base path: 'C:/Program Files/Unity/Hub/Editor/2019.2.17f1/Editor/Data', plugins path 'C:/Program Files/Unity/Hub/Editor/2019.2.17f1/Editor/Data/PlaybackEngines'
Cmd: initializeCompiler
Cmd: preprocess
  insize=26841 outsize=1485 ok=1
Cmd: preprocess
  insize=51242 outsize=1649 ok=1
Cmd: preprocess
  insize=68485 outsize=1787 ok=1
Cmd: preprocess
  insize=47130 outsize=2049 ok=1
Cmd: preprocess
  insize=72486 outsize=2584 ok=1
Cmd: preprocess
  insize=28857 outsize=1408 ok=1
Cmd: preprocess
  insize=10131 outsize=812 ok=1
Cmd: preprocess
  insize=771 outsize=196 ok=1
Cmd: preprocess
  insize=771 outsize=196 ok=1
Cmd: preprocess
  insize=771 outsize=196 ok=1
Cmd: preprocess
  insize=771 outsize=196 ok=1
Cmd: preprocess
  insize=771 outsize=196 ok=1
Cmd: preprocess
  insize=771 outsize=196 ok=1
Cmd: preprocess
  insize=771 outsize=196 ok=1
Cmd: preprocess
  insize=771 outsize=196 ok=1
Cmd: preprocess
  insize=771 outsize=196 ok=1
Cmd: preprocess
  insize=771 outsize=196 ok=1
Cmd: preprocess
  insize=771 outsize=196 ok=1
Cmd: preprocess
  insize=771 outsize=196 ok=1
Cmd: preprocess
  insize=771 outsize=196 ok=1
Cmd: preprocess
  insize=31129 outsize=1398 ok=1
Cmd: preprocess
  insize=3809 outsize=420 ok=1
Cmd: preprocess
  insize=6135 outsize=414 ok=1
Cmd: preprocess
  insize=4709 outsize=421 ok=1
Cmd: preprocess
  insize=3393 outsize=414 ok=1
Cmd: preprocess
  insize=4056 outsize=413 ok=1
Cmd: preprocess
  insize=6985 outsize=415 ok=1
Cmd: preprocess
  insize=7341 outsize=414 ok=1
Cmd: preprocess
  insize=7546 outsize=415 ok=1
Cmd: preprocess
  insize=771 outsize=196 ok=1
Cmd: preprocess
  insize=771 outsize=196 ok=1
Cmd: preprocess
  insize=771 outsize=196 ok=1
Cmd: preprocess
  insize=771 outsize=196 ok=1
Cmd: preprocess
  insize=771 outsize=196 ok=1
Cmd: preprocess
  insize=771 outsize=196 ok=1
Cmd: preprocess
  insize=771 outsize=196 ok=1
Cmd: preprocess
  insize=771 outsize=196 ok=1
Cmd: preprocess
  insize=771 outsize=196 ok=1
Cmd: preprocess
  insize=771 outsize=196 ok=1
Cmd: preprocess
  insize=771 outsize=196 ok=1
Cmd: preprocess
  insize=771 outsize=196 ok=1
Cmd: preprocess
  insize=771 outsize=196 ok=1
Cmd: preprocess
  insize=771 outsize=196 ok=1
Cmd: preprocess
  insize=771 outsize=196 ok=1
Cmd: preprocess
  insize=771 outsize=196 ok=1
Cmd: preprocess
  insize=771 outsize=196 ok=1
Cmd: preprocess
  insize=771 outsize=196 ok=1
Cmd: preprocess
  insize=771 outsize=196 ok=1
Cmd: preprocess
  insize=771 outsize=196 ok=1
Cmd: preprocess
  insize=771 outsize=196 ok=1
Cmd: preprocess
  insize=771 outsize=196 ok=1
Cmd: preprocess
  insize=771 outsize=196 ok=1
Cmd: preprocess
  insize=771 outsize=196 ok=1
Cmd: preprocess
  insize=771 outsize=196 ok=1
Cmd: preprocess
  insize=771 outsize=196 ok=1
Cmd: preprocess
  insize=771 outsize=196 ok=1
Cmd: preprocess
  insize=771 outsize=196 ok=1
Cmd: preprocess
  insize=771 outsize=196 ok=1
Cmd: preprocess
  insize=771 outsize=196 ok=1
Cmd: preprocess
  insize=771 outsize=196 ok=1
Cmd: preprocess
  insize=771 outsize=196 ok=1
Cmd: preprocess
  insize=771 outsize=196 ok=1
Cmd: preprocess
  insize=771 outsize=196 ok=1
Cmd: preprocess
  insize=771 outsize=196 ok=1
Cmd: preprocess
  insize=771 outsize=196 ok=1
Cmd: preprocess
  insize=771 outsize=196 ok=1
Cmd: preprocess
  insize=771 outsize=196 ok=1
Cmd: preprocess
  insize=771 outsize=196 ok=1
Cmd: preprocess
  insize=771 outsize=196 ok=1
Cmd: preprocess
  insize=771 outsize=196 ok=1
Cmd: preprocess
  insize=771 outsize=196 ok=1
Cmd: preprocess
  insize=771 outsize=196 ok=1
Cmd: preprocess
  insize=771 outsize=196 ok=1
Cmd: preprocess
  insize=771 outsize=196 ok=1
Cmd: preprocess
  insize=771 outsize=196 ok=1
Cmd: preprocess
  insize=771 outsize=196 ok=1
Cmd: preprocess
  insize=771 outsize=196 ok=1
Cmd: preprocess
  insize=771 outsize=196 ok=1
Cmd: preprocess
  insize=771 outsize=196 ok=1
Cmd: preprocess
  insize=771 outsize=196 ok=1
Cmd: preprocess
  insize=771 outsize=196 ok=1
Cmd: preprocess
  insize=771 outsize=196 ok=1
Cmd: preprocess
  insize=771 outsize=196 ok=1
Cmd: preprocess
  insize=771 outsize=196 ok=1
Cmd: preprocess
  insize=771 outsize=196 ok=1
Cmd: preprocess
  insize=771 outsize=196 ok=1
Cmd: preprocess
  insize=771 outsize=196 ok=1
Cmd: preprocess
  insize=771 outsize=196 ok=1
Cmd: preprocess
  insize=771 outsize=196 ok=1
Cmd: preprocess
  insize=771 outsize=196 ok=1
Cmd: preprocess
  insize=771 outsize=196 ok=1
Cmd: preprocess
  insize=771 outsize=196 ok=1
Cmd: preprocess
  insize=771 outsize=196 ok=1
Cmd: preprocess
  insize=771 outsize=196 ok=1
Cmd: preprocess
  insize=771 outsize=196 ok=1
Cmd: preprocess
  insize=771 outsize=196 ok=1
Cmd: preprocess
  insize=20657 outsize=820 ok=1
Cmd: preprocess
  insize=3978 outsize=561 ok=1
Cmd: preprocess
  insize=9314 outsize=701 ok=1
Cmd: preprocess
  insize=9499 outsize=552 ok=1
Cmd: preprocess
  insize=7220 outsize=550 ok=1
Cmd: preprocess
  insize=4237 outsize=553 ok=1
Cmd: preprocess
  insize=4421 outsize=552 ok=1
Cmd: preprocess
  insize=4434 outsize=552 ok=1
Cmd: preprocess
  insize=5101 outsize=562 ok=1
Cmd: preprocess
  insize=5663 outsize=562 ok=1
Cmd: preprocess
  insize=5081 outsize=561 ok=1
Cmd: preprocess
  insize=5644 outsize=562 ok=1
Cmd: preprocess
  insize=9143 outsize=549 ok=1
Cmd: preprocess
  insize=6893 outsize=550 ok=1
Cmd: preprocess
  insize=4886 outsize=561 ok=1
Cmd: preprocess
  insize=5448 outsize=561 ok=1
Cmd: preprocess
  insize=4223 outsize=551 ok=1
Cmd: preprocess
  insize=3574 outsize=554 ok=1
Cmd: preprocess
  insize=4873 outsize=560 ok=1
Cmd: preprocess
  insize=5435 outsize=562 ok=1
Cmd: preprocess
  insize=4732 outsize=553 ok=1
Cmd: preprocess
  insize=4448 outsize=559 ok=1
Cmd: preprocess
  insize=3616 outsize=559 ok=1
Cmd: preprocess
  insize=3542 outsize=558 ok=1
Cmd: preprocess
  insize=15233 outsize=681 ok=1
Cmd: preprocess
  insize=8060 outsize=689 ok=1
Cmd: preprocess
  insize=9515 outsize=552 ok=1
Cmd: preprocess
  insize=7232 outsize=550 ok=1
Cmd: preprocess
  insize=4233 outsize=553 ok=1
Cmd: preprocess
  insize=4426 outsize=551 ok=1
Cmd: preprocess
  insize=4430 outsize=552 ok=1
Cmd: preprocess
  insize=5097 outsize=561 ok=1
Cmd: preprocess
  insize=5659 outsize=562 ok=1
Cmd: preprocess
  insize=5094 outsize=561 ok=1
Cmd: preprocess
  insize=5656 outsize=562 ok=1
Cmd: preprocess
  insize=9160 outsize=549 ok=1
Cmd: preprocess
  insize=6902 outsize=550 ok=1
Cmd: preprocess
  insize=4882 outsize=561 ok=1
Cmd: preprocess
  insize=5444 outsize=562 ok=1
Cmd: preprocess
  insize=10909 outsize=550 ok=1
Cmd: preprocess
  insize=10673 outsize=555 ok=1
Cmd: preprocess
  insize=10343 outsize=555 ok=1
Cmd: preprocess
  insize=4233 outsize=553 ok=1
Cmd: preprocess
  insize=3570 outsize=554 ok=1
Cmd: preprocess
  insize=4882 outsize=561 ok=1
Cmd: preprocess
  insize=5444 outsize=562 ok=1
Cmd: preprocess
  insize=3978 outsize=561 ok=1
Cmd: preprocess
  insize=74185 outsize=1778 ok=1
Cmd: preprocess
  insize=27741 outsize=820 ok=1
Cmd: preprocess
  insize=11245 outsize=554 ok=1
Cmd: preprocess
  insize=771 outsize=196 ok=1
Cmd: preprocess
  insize=771 outsize=196 ok=1
Cmd: preprocess
  insize=771 outsize=196 ok=1
Cmd: preprocess
  insize=771 outsize=196 ok=1
Cmd: preprocess
  insize=771 outsize=196 ok=1
Cmd: preprocess
  insize=771 outsize=196 ok=1
Cmd: preprocess
  insize=771 outsize=196 ok=1
Cmd: preprocess
  insize=771 outsize=196 ok=1
Cmd: preprocess
  insize=771 outsize=196 ok=1
Cmd: preprocess
  insize=771 outsize=196 ok=1
Cmd: preprocess
  insize=771 outsize=196 ok=1
Cmd: preprocess
  insize=771 outsize=196 ok=1
Cmd: preprocess
  insize=771 outsize=196 ok=1
Cmd: preprocess
  insize=771 outsize=196 ok=1
Cmd: preprocess
  insize=771 outsize=196 ok=1
Cmd: preprocess
  insize=771 outsize=196 ok=1
Cmd: preprocess
  insize=771 outsize=196 ok=1
Cmd: preprocess
  insize=771 outsize=196 ok=1
Cmd: preprocess
  insize=771 outsize=196 ok=1
Cmd: preprocess
  insize=771 outsize=196 ok=1
Cmd: preprocess
  insize=771 outsize=196 ok=1
Cmd: preprocess
  insize=771 outsize=196 ok=1
Cmd: preprocess
  insize=771 outsize=196 ok=1
Cmd: preprocess
  insize=771 outsize=196 ok=1
Cmd: preprocess
  insize=771 outsize=196 ok=1
Cmd: preprocess
  insize=771 outsize=196 ok=1
Cmd: preprocess
  insize=771 outsize=196 ok=1
Cmd: preprocess
  insize=771 outsize=196 ok=1
Cmd: preprocess
  insize=771 outsize=196 ok=1
Cmd: preprocess
  insize=771 outsize=196 ok=1
Cmd: preprocess
  insize=771 outsize=196 ok=1
Cmd: preprocess
  insize=771 outsize=196 ok=1
Cmd: preprocess
  insize=771 outsize=196 ok=1
Cmd: preprocess
  insize=771 outsize=196 ok=1
Cmd: preprocess
  insize=771 outsize=196 ok=1
Cmd: preprocess
  insize=771 outsize=196 ok=1
Cmd: preprocess
  insize=771 outsize=196 ok=1
Cmd: preprocess
  insize=771 outsize=196 ok=1
Cmd: preprocess
  insize=771 outsize=196 ok=1
Cmd: preprocess
  insize=771 outsize=196 ok=1
Cmd: preprocess
  insize=771 outsize=196 ok=1
Cmd: preprocess
  insize=771 outsize=196 ok=1
Cmd: preprocess
  insize=771 outsize=196 ok=1
Cmd: preprocess
  insize=771 outsize=196 ok=1
Cmd: preprocess
  insize=771 outsize=196 ok=1
Cmd: preprocess
  insize=771 outsize=196 ok=1
Cmd: preprocess
  insize=771 outsize=196 ok=1
Cmd: preprocess
  insize=771 outsize=196 ok=1
Cmd: preprocess
  insize=771 outsize=196 ok=1
Cmd: preprocess
  insize=771 outsize=196 ok=1
Cmd: preprocess
  insize=771 outsize=196 ok=1
Cmd: preprocess
  insize=771 outsize=196 ok=1
Cmd: preprocess
  insize=771 outsize=196 ok=1
Cmd: preprocess
  insize=771 outsize=196 ok=1
Cmd: preprocess
  insize=771 outsize=196 ok=1
Cmd: preprocess
  insize=771 outsize=196 ok=1
Cmd: preprocess
  insize=771 outsize=196 ok=1
Cmd: preprocess
  insize=771 outsize=196 ok=1
Cmd: preprocess
  insize=771 outsize=196 ok=1
Cmd: preprocess
  insize=771 outsize=196 ok=1
Cmd: preprocess
  insize=771 outsize=196 ok=1
Cmd: preprocess
  insize=771 outsize=196 ok=1
Cmd: preprocess
  insize=771 outsize=196 ok=1
Cmd: preprocess
  insize=771 outsize=196 ok=1
Cmd: preprocess
  insize=771 outsize=196 ok=1
Cmd: preprocess
  insize=771 outsize=196 ok=1
Cmd: preprocess
  insize=12115 outsize=545 ok=1
Cmd: preprocess
  insize=3969 outsize=552 ok=1
Cmd: preprocess
  insize=11275 outsize=544 ok=1
Cmd: preprocess
  insize=11059 outsize=543 ok=1
Cmd: preprocess
  insize=7211 outsize=541 ok=1
Cmd: preprocess
  insize=4228 outsize=544 ok=1
Cmd: preprocess
  insize=4412 outsize=543 ok=1
Cmd: preprocess
  insize=4425 outsize=543 ok=1
Cmd: preprocess
  insize=5092 outsize=553 ok=1
Cmd: preprocess
  insize=5654 outsize=553 ok=1
Cmd: preprocess
  insize=5072 outsize=552 ok=1
Cmd: preprocess
  insize=5635 outsize=553 ok=1
Cmd: preprocess
  insize=9134 outsize=540 ok=1
Cmd: preprocess
  insize=6884 outsize=541 ok=1
Cmd: preprocess
  insize=4877 outsize=552 ok=1
Cmd: preprocess
  insize=5439 outsize=552 ok=1
Cmd: preprocess
  insize=4214 outsize=542 ok=1
Cmd: preprocess
  insize=3565 outsize=545 ok=1
Cmd: preprocess
  insize=4864 outsize=551 ok=1
Cmd: preprocess
  insize=5426 outsize=553 ok=1
Cmd: preprocess
  insize=4723 outsize=544 ok=1
Cmd: preprocess
  insize=4439 outsize=550 ok=1
Cmd: preprocess
  insize=3607 outsize=550 ok=1
Cmd: preprocess
  insize=3533 outsize=549 ok=1
Cmd: preprocess
  insize=15224 outsize=673 ok=1
Cmd: preprocess
  insize=8051 outsize=680 ok=1
Cmd: preprocess
  insize=9506 outsize=543 ok=1
Cmd: preprocess
  insize=7223 outsize=541 ok=1
Cmd: preprocess
  insize=4224 outsize=544 ok=1
Cmd: preprocess
  insize=4417 outsize=542 ok=1
Cmd: preprocess
  insize=4421 outsize=543 ok=1
Cmd: preprocess
  insize=5088 outsize=552 ok=1
Cmd: preprocess
  insize=5650 outsize=553 ok=1
Cmd: preprocess
  insize=5085 outsize=552 ok=1
Cmd: preprocess
  insize=5647 outsize=553 ok=1
Cmd: preprocess
  insize=9151 outsize=540 ok=1
Cmd: preprocess
  insize=6893 outsize=541 ok=1
Cmd: preprocess
  insize=4873 outsize=552 ok=1
Cmd: preprocess
  insize=5435 outsize=553 ok=1
Cmd: preprocess
  insize=10900 outsize=541 ok=1
Cmd: preprocess
  insize=10664 outsize=546 ok=1
Cmd: preprocess
  insize=10334 outsize=546 ok=1
Cmd: preprocess
  insize=4224 outsize=544 ok=1
Cmd: preprocess
  insize=3561 outsize=545 ok=1
Cmd: preprocess
  insize=4873 outsize=552 ok=1
Cmd: preprocess
  insize=5435 outsize=553 ok=1
Cmd: preprocess
  insize=3969 outsize=552 ok=1
Cmd: preprocess
  insize=56676 outsize=1638 ok=1
Cmd: preprocess
  insize=15380 outsize=671 ok=1
Cmd: preprocess
  insize=771 outsize=196 ok=1
Cmd: preprocess
  insize=771 outsize=196 ok=1
Cmd: preprocess
  insize=771 outsize=196 ok=1
Cmd: preprocess
  insize=771 outsize=196 ok=1
Cmd: preprocess
  insize=771 outsize=196 ok=1
Cmd: preprocess
  insize=771 outsize=196 ok=1
Cmd: preprocess
  insize=771 outsize=196 ok=1
Cmd: preprocess
  insize=771 outsize=196 ok=1
Cmd: preprocess
  insize=771 outsize=196 ok=1
Cmd: preprocess
  insize=771 outsize=196 ok=1
Cmd: preprocess
  insize=771 outsize=196 ok=1
Cmd: preprocess
  insize=771 outsize=196 ok=1
Cmd: preprocess
  insize=771 outsize=196 ok=1
Cmd: preprocess
  insize=771 outsize=196 ok=1
Cmd: preprocess
  insize=771 outsize=196 ok=1
Cmd: preprocess
  insize=771 outsize=196 ok=1
Cmd: preprocess
  insize=771 outsize=196 ok=1
Cmd: preprocess
  insize=771 outsize=196 ok=1
Cmd: preprocess
  insize=771 outsize=196 ok=1
Cmd: preprocess
  insize=771 outsize=196 ok=1
Cmd: preprocess
  insize=771 outsize=196 ok=1
Cmd: preprocess
  insize=771 outsize=196 ok=1
Cmd: preprocess
  insize=771 outsize=196 ok=1
Cmd: preprocess
  insize=771 outsize=196 ok=1
Cmd: preprocess
  insize=771 outsize=196 ok=1
Cmd: preprocess
  insize=771 outsize=196 ok=1
Cmd: preprocess
  insize=771 outsize=196 ok=1
Cmd: preprocess
  insize=771 outsize=196 ok=1
Cmd: preprocess
  insize=771 outsize=196 ok=1
Cmd: preprocess
  insize=771 outsize=196 ok=1
Cmd: preprocess
  insize=771 outsize=196 ok=1
Cmd: preprocess
  insize=771 outsize=196 ok=1
Cmd: preprocess
  insize=771 outsize=196 ok=1
Cmd: preprocess
  insize=771 outsize=196 ok=1
Cmd: preprocess
  insize=771 outsize=196 ok=1
Cmd: preprocess
  insize=771 outsize=196 ok=1
Cmd: preprocess
  insize=771 outsize=196 ok=1
Cmd: preprocess
  insize=771 outsize=196 ok=1
Cmd: preprocess
  insize=771 outsize=196 ok=1
Cmd: preprocess
  insize=771 outsize=196 ok=1
Cmd: preprocess
  insize=771 outsize=196 ok=1
Cmd: preprocess
  insize=771 outsize=196 ok=1
Cmd: preprocess
  insize=771 outsize=196 ok=1
Cmd: preprocess
  insize=771 outsize=196 ok=1
Cmd: preprocess
  insize=771 outsize=196 ok=1
Cmd: preprocess
  insize=771 outsize=196 ok=1
Cmd: preprocess
  insize=771 outsize=196 ok=1
Cmd: preprocess
  insize=771 outsize=196 ok=1
Cmd: preprocess
  insize=771 outsize=196 ok=1
Cmd: preprocess
  insize=771 outsize=196 ok=1
Cmd: preprocess
  insize=771 outsize=196 ok=1
Cmd: preprocess
  insize=771 outsize=196 ok=1
Cmd: preprocess
  insize=771 outsize=196 ok=1
Cmd: preprocess
  insize=771 outsize=196 ok=1
Cmd: preprocess
  insize=771 outsize=196 ok=1
Cmd: preprocess
  insize=771 outsize=196 ok=1
Cmd: preprocess
  insize=771 outsize=196 ok=1
Cmd: preprocess
  insize=771 outsize=196 ok=1
Cmd: preprocess
  insize=771 outsize=196 ok=1
Cmd: preprocess
  insize=771 outsize=196 ok=1
Cmd: preprocess
  insize=771 outsize=196 ok=1
Cmd: preprocess
  insize=771 outsize=196 ok=1
Cmd: preprocess
  insize=771 outsize=196 ok=1
Cmd: preprocess
  insize=771 outsize=196 ok=1
Cmd: preprocess
  insize=771 outsize=196 ok=1
Cmd: preprocess
  insize=771 outsize=196 ok=1
Cmd: preprocess
  insize=12115 outsize=545 ok=1
Cmd: preprocess
  insize=3969 outsize=552 ok=1
Cmd: preprocess
  insize=11275 outsize=544 ok=1
Cmd: preprocess
  insize=11059 outsize=543 ok=1
Cmd: preprocess
  insize=7211 outsize=541 ok=1
Cmd: preprocess
  insize=4228 outsize=544 ok=1
Cmd: preprocess
  insize=4412 outsize=543 ok=1
Cmd: preprocess
  insize=4425 outsize=543 ok=1
Cmd: preprocess
  insize=5092 outsize=553 ok=1
Cmd: preprocess
  insize=5654 outsize=553 ok=1
Cmd: preprocess
  insize=5072 outsize=552 ok=1
Cmd: preprocess
  insize=5635 outsize=553 ok=1
Cmd: preprocess
  insize=9134 outsize=540 ok=1
Cmd: preprocess
  insize=6884 outsize=541 ok=1
Cmd: preprocess
  insize=4877 outsize=552 ok=1
Cmd: preprocess
  insize=5439 outsize=552 ok=1
Cmd: preprocess
  insize=4214 outsize=542 ok=1
Cmd: preprocess
  insize=3565 outsize=545 ok=1
Cmd: preprocess
  insize=4864 outsize=551 ok=1
Cmd: preprocess
  insize=5426 outsize=553 ok=1
Cmd: preprocess
  insize=4723 outsize=544 ok=1
Cmd: preprocess
  insize=4439 outsize=550 ok=1
Cmd: preprocess
  insize=3607 outsize=550 ok=1
Cmd: preprocess
  insize=3533 outsize=549 ok=1
Cmd: preprocess
  insize=15224 outsize=673 ok=1
Cmd: preprocess
  insize=8051 outsize=680 ok=1
Cmd: preprocess
  insize=9506 outsize=543 ok=1
Cmd: preprocess
  insize=7223 outsize=541 ok=1
Cmd: preprocess
  insize=4224 outsize=544 ok=1
Cmd: preprocess
  insize=4417 outsize=542 ok=1
Cmd: preprocess
  insize=4421 outsize=543 ok=1
Cmd: preprocess
  insize=5088 outsize=552 ok=1
Cmd: preprocess
  insize=5650 outsize=553 ok=1
Cmd: preprocess
  insize=5085 outsize=552 ok=1
Cmd: preprocess
  insize=5647 outsize=553 ok=1
Cmd: preprocess
  insize=9151 outsize=540 ok=1
Cmd: preprocess
  insize=6893 outsize=541 ok=1
Cmd: preprocess
  insize=4873 outsize=552 ok=1
Cmd: preprocess
  insize=5435 outsize=553 ok=1
Cmd: preprocess
  insize=10900 outsize=541 ok=1
Cmd: preprocess
  insize=10664 outsize=546 ok=1
Cmd: preprocess
  insize=10334 outsize=546 ok=1
Cmd: preprocess
  insize=4224 outsize=544 ok=1
Cmd: preprocess
  insize=3561 outsize=545 ok=1
Cmd: preprocess
  insize=4873 outsize=552 ok=1
Cmd: preprocess
  insize=5435 outsize=553 ok=1
Cmd: preprocess
  insize=3969 outsize=552 ok=1
Cmd: preprocess
  insize=56676 outsize=1638 ok=1
Cmd: preprocess
  insize=15380 outsize=671 ok=1
Cmd: preprocess
  insize=771 outsize=196 ok=1
Cmd: preprocess
  insize=771 outsize=196 ok=1
Cmd: preprocess
  insize=771 outsize=196 ok=1
Cmd: preprocess
  insize=771 outsize=196 ok=1
Cmd: preprocess
  insize=771 outsize=196 ok=1
Cmd: preprocess
  insize=771 outsize=196 ok=1
Cmd: preprocess
  insize=771 outsize=196 ok=1
Cmd: preprocess
  insize=771 outsize=196 ok=1
Cmd: preprocess
  insize=771 outsize=196 ok=1
Cmd: preprocess
  insize=771 outsize=196 ok=1
Cmd: preprocess
  insize=771 outsize=196 ok=1
Cmd: preprocess
  insize=771 outsize=196 ok=1
Cmd: preprocess
  insize=771 outsize=196 ok=1
Cmd: preprocess
  insize=771 outsize=196 ok=1
Cmd: preprocess
  insize=771 outsize=196 ok=1
Cmd: preprocess
  insize=771 outsize=196 ok=1
Cmd: preprocess
  insize=771 outsize=196 ok=1
Cmd: preprocess
  insize=771 outsize=196 ok=1
Cmd: preprocess
  insize=771 outsize=196 ok=1
Cmd: preprocess
  insize=771 outsize=196 ok=1
Cmd: preprocess
  insize=771 outsize=196 ok=1
Cmd: preprocess
  insize=771 outsize=196 ok=1
Cmd: preprocess
  insize=771 outsize=196 ok=1
Cmd: preprocess
  insize=771 outsize=196 ok=1
Cmd: preprocess
  insize=771 outsize=196 ok=1
Cmd: preprocess
  insize=771 outsize=196 ok=1
Cmd: preprocess
  insize=771 outsize=196 ok=1
Cmd: preprocess
  insize=771 outsize=196 ok=1
Cmd: preprocess
  insize=771 outsize=196 ok=1
Cmd: preprocess
  insize=771 outsize=196 ok=1
Cmd: preprocess
  insize=771 outsize=196 ok=1
Cmd: preprocess
  insize=771 outsize=196 ok=1
Cmd: preprocess
  insize=771 outsize=196 ok=1
Cmd: preprocess
  insize=771 outsize=196 ok=1
Cmd: preprocess
  insize=771 outsize=196 ok=1
Cmd: preprocess
  insize=771 outsize=196 ok=1
Cmd: preprocess
  insize=771 outsize=196 ok=1
Cmd: preprocess
  insize=771 outsize=196 ok=1
Cmd: preprocess
  insize=771 outsize=196 ok=1
Cmd: preprocess
  insize=771 outsize=196 ok=1
Cmd: preprocess
  insize=771 outsize=196 ok=1
Cmd: preprocess
  insize=771 outsize=196 ok=1
Cmd: preprocess
  insize=771 outsize=196 ok=1
Cmd: preprocess
  insize=771 outsize=196 ok=1
Cmd: preprocess
  insize=771 outsize=196 ok=1
Cmd: preprocess
  insize=771 outsize=196 ok=1
Cmd: preprocess
  insize=771 outsize=196 ok=1
Cmd: preprocess
  insize=771 outsize=196 ok=1
Cmd: preprocess
  insize=771 outsize=196 ok=1
Cmd: preprocess
  insize=771 outsize=196 ok=1
Cmd: preprocess
  insize=771 outsize=196 ok=1
Cmd: preprocess
  insize=771 outsize=196 ok=1
Cmd: preprocess
  insize=771 outsize=196 ok=1
Cmd: preprocess
  insize=771 outsize=196 ok=1
Cmd: preprocess
  insize=771 outsize=196 ok=1
Cmd: preprocess
  insize=771 outsize=196 ok=1
Cmd: preprocess
  insize=771 outsize=196 ok=1
Cmd: preprocess
  insize=771 outsize=196 ok=1
Cmd: preprocess
  insize=771 outsize=196 ok=1
Cmd: preprocess
  insize=771 outsize=196 ok=1
Cmd: preprocess
  insize=771 outsize=196 ok=1
Cmd: preprocess
  insize=771 outsize=196 ok=1
Cmd: preprocess
  insize=771 outsize=196 ok=1
Cmd: preprocess
  insize=771 outsize=196 ok=1
Cmd: preprocess
  insize=771 outsize=196 ok=1
Cmd: preprocess
  insize=771 outsize=196 ok=1
Cmd: preprocess
  insize=771 outsize=196 ok=1
Cmd: preprocess
  insize=20657 outsize=820 ok=1
Cmd: preprocess
  insize=3978 outsize=561 ok=1
Cmd: preprocess
  insize=9314 outsize=701 ok=1
Cmd: preprocess
  insize=9499 outsize=552 ok=1
Cmd: preprocess
  insize=7220 outsize=550 ok=1
Cmd: preprocess
  insize=4237 outsize=553 ok=1
Cmd: preprocess
  insize=4421 outsize=552 ok=1
Cmd: preprocess
  insize=4434 outsize=552 ok=1
Cmd: preprocess
  insize=5101 outsize=562 ok=1
Cmd: preprocess
  insize=5663 outsize=562 ok=1
Cmd: preprocess
  insize=5081 outsize=561 ok=1
Cmd: preprocess
  insize=5644 outsize=562 ok=1
Cmd: preprocess
  insize=9143 outsize=549 ok=1
Cmd: preprocess
  insize=6893 outsize=550 ok=1
Cmd: preprocess
  insize=4886 outsize=561 ok=1
Cmd: preprocess
  insize=5448 outsize=561 ok=1
Cmd: preprocess
  insize=4223 outsize=551 ok=1
Cmd: preprocess
  insize=3574 outsize=554 ok=1
Cmd: preprocess
  insize=4873 outsize=560 ok=1
Cmd: preprocess
  insize=5435 outsize=562 ok=1
Cmd: preprocess
  insize=4732 outsize=553 ok=1
Cmd: preprocess
  insize=4448 outsize=559 ok=1
Cmd: preprocess
  insize=3616 outsize=559 ok=1
Cmd: preprocess
  insize=3542 outsize=558 ok=1
Cmd: preprocess
  insize=15233 outsize=681 ok=1
Cmd: preprocess
  insize=8060 outsize=689 ok=1
Cmd: preprocess
  insize=9515 outsize=552 ok=1
Cmd: preprocess
  insize=7232 outsize=550 ok=1
Cmd: preprocess
  insize=4233 outsize=553 ok=1
Cmd: preprocess
  insize=4426 outsize=551 ok=1
Cmd: preprocess
  insize=4430 outsize=552 ok=1
Cmd: preprocess
  insize=5097 outsize=561 ok=1
Cmd: preprocess
  insize=5659 outsize=562 ok=1
Cmd: preprocess
  insize=5094 outsize=561 ok=1
Cmd: preprocess
  insize=5656 outsize=562 ok=1
Cmd: preprocess
  insize=9160 outsize=549 ok=1
Cmd: preprocess
  insize=6902 outsize=550 ok=1
Cmd: preprocess
  insize=4882 outsize=561 ok=1
Cmd: preprocess
  insize=5444 outsize=562 ok=1
Cmd: preprocess
  insize=10909 outsize=550 ok=1
Cmd: preprocess
  insize=10673 outsize=555 ok=1
Cmd: preprocess
  insize=10343 outsize=555 ok=1
Cmd: preprocess
  insize=4233 outsize=553 ok=1
Cmd: preprocess
  insize=3570 outsize=554 ok=1
Cmd: preprocess
  insize=4882 outsize=561 ok=1
Cmd: preprocess
  insize=5444 outsize=562 ok=1
Cmd: preprocess
  insize=3978 outsize=561 ok=1
Cmd: preprocess
  insize=74185 outsize=1778 ok=1
Cmd: preprocess
  insize=27741 outsize=820 ok=1
Cmd: preprocess
  insize=11245 outsize=554 ok=1
Cmd: preprocess
  insize=4054 outsize=608 ok=1
Cmd: preprocess
  insize=10985 outsize=597 ok=1
Cmd: preprocess
  insize=10419 outsize=602 ok=1
Cmd: preprocess
  insize=10749 outsize=602 ok=1
Cmd: preprocess
  insize=15309 outsize=729 ok=1
Cmd: preprocess
  insize=20733 outsize=867 ok=1
Cmd: preprocess
  insize=74335 outsize=1816 ok=1
Cmd: preprocess
  insize=27817 outsize=867 ok=1
Cmd: preprocess
  insize=5520 outsize=607 ok=1
Cmd: preprocess
  insize=6978 outsize=597 ok=1
Cmd: preprocess
  insize=9236 outsize=597 ok=1
Cmd: preprocess
  insize=9591 outsize=599 ok=1
Cmd: preprocess
  insize=3646 outsize=601 ok=1
Cmd: preprocess
  insize=4309 outsize=600 ok=1
Cmd: preprocess
  insize=4309 outsize=600 ok=1
Cmd: preprocess
  insize=4958 outsize=608 ok=1
Cmd: preprocess
  insize=4506 outsize=599 ok=1
Cmd: preprocess
  insize=5173 outsize=609 ok=1
Cmd: preprocess
  insize=5735 outsize=609 ok=1
Cmd: preprocess
  insize=7308 outsize=597 ok=1
Cmd: preprocess
  insize=5520 outsize=608 ok=1
Cmd: preprocess
  insize=4958 outsize=608 ok=1
Cmd: preprocess
  insize=4502 outsize=598 ok=1
Cmd: preprocess
  insize=5170 outsize=609 ok=1
Cmd: preprocess
  insize=5732 outsize=608 ok=1
Cmd: preprocess
  insize=4524 outsize=605 ok=1
Cmd: preprocess
  insize=4808 outsize=601 ok=1
Cmd: preprocess
  insize=11321 outsize=602 ok=1
Cmd: preprocess
  insize=5511 outsize=609 ok=1
Cmd: preprocess
  insize=6969 outsize=597 ok=1
Cmd: preprocess
  insize=9219 outsize=595 ok=1
Cmd: preprocess
  insize=9575 outsize=599 ok=1
Cmd: preprocess
  insize=3650 outsize=601 ok=1
Cmd: preprocess
  insize=4299 outsize=599 ok=1
Cmd: preprocess
  insize=4313 outsize=600 ok=1
Cmd: preprocess
  insize=4962 outsize=608 ok=1
Cmd: preprocess
  insize=4510 outsize=599 ok=1
Cmd: preprocess
  insize=5177 outsize=609 ok=1
Cmd: preprocess
  insize=5739 outsize=609 ok=1
Cmd: preprocess
  insize=7296 outsize=597 ok=1
Cmd: preprocess
  insize=5524 outsize=609 ok=1
Cmd: preprocess
  insize=4949 outsize=608 ok=1
Cmd: preprocess
  insize=4497 outsize=599 ok=1
Cmd: preprocess
  insize=5157 outsize=608 ok=1
Cmd: preprocess
  insize=5720 outsize=609 ok=1
Cmd: preprocess
  insize=4054 outsize=607 ok=1
Cmd: compileSnippet
  api=4 type=0 insize=24056 outsize=1046 kw= pd=UNITY_ENABLE_REFLECTION_BUFFERS UNITY_USE_DITHER_MASK_FOR_ALPHABLENDED_SHADOWS UNITY_PBS_USE_BRDF1 UNITY_SPECCUBE_BOX_PROJECTION UNITY_SPECCUBE_BLENDING UNITY_ENABLE_DETAIL_NORMALMAP SHADER_API_DESKTOP UNITY_LIGHT_PROBE_PROXY_VOLUME UNITY_LIGHTMAP_RGBM_ENCODING ok=1
Cmd: compileSnippet
  api=4 type=1 insize=24056 outsize=2870 kw= pd=UNITY_ENABLE_REFLECTION_BUFFERS UNITY_USE_DITHER_MASK_FOR_ALPHABLENDED_SHADOWS UNITY_PBS_USE_BRDF1 UNITY_SPECCUBE_BOX_PROJECTION UNITY_SPECCUBE_BLENDING UNITY_ENABLE_DETAIL_NORMALMAP SHADER_API_DESKTOP UNITY_LIGHT_PROBE_PROXY_VOLUME UNITY_LIGHTMAP_RGBM_ENCODING ok=1
Cmd: preprocess
  insize=68635 outsize=1827 ok=1
Cmd: compileSnippet
  api=4 type=0 insize=23272 outsize=1298 kw=USE_SHAPE_LIGHT_TYPE_0 USE_SHAPE_LIGHT_TYPE_1 USE_SHAPE_LIGHT_TYPE_2 USE_SHAPE_LIGHT_TYPE_3 pd=UNITY_ENABLE_REFLECTION_BUFFERS UNITY_USE_DITHER_MASK_FOR_ALPHABLENDED_SHADOWS UNITY_PBS_USE_BRDF1 UNITY_SPECCUBE_BOX_PROJECTION UNITY_SPECCUBE_BLENDING UNITY_ENABLE_DETAIL_NORMALMAP SHADER_API_DESKTOP UNITY_LIGHT_PROBE_PROXY_VOLUME UNITY_LIGHTMAP_RGBM_ENCODING ok=1
Cmd: compileSnippet
  api=4 type=1 insize=23272 outsize=4130 kw=USE_SHAPE_LIGHT_TYPE_0 USE_SHAPE_LIGHT_TYPE_1 USE_SHAPE_LIGHT_TYPE_2 USE_SHAPE_LIGHT_TYPE_3 pd=UNITY_ENABLE_REFLECTION_BUFFERS UNITY_USE_DITHER_MASK_FOR_ALPHABLENDED_SHADOWS UNITY_PBS_USE_BRDF1 UNITY_SPECCUBE_BOX_PROJECTION UNITY_SPECCUBE_BLENDING UNITY_ENABLE_DETAIL_NORMALMAP SHADER_API_DESKTOP UNITY_LIGHT_PROBE_PROXY_VOLUME UNITY_LIGHTMAP_RGBM_ENCODING ok=1
Cmd: compileSnippet
  api=4 type=0 insize=22415 outsize=1458 kw= pd=UNITY_ENABLE_REFLECTION_BUFFERS UNITY_USE_DITHER_MASK_FOR_ALPHABLENDED_SHADOWS UNITY_PBS_USE_BRDF1 UNITY_SPECCUBE_BOX_PROJECTION UNITY_SPECCUBE_BLENDING UNITY_ENABLE_DETAIL_NORMALMAP SHADER_API_DESKTOP UNITY_LIGHT_PROBE_PROXY_VOLUME UNITY_LIGHTMAP_RGBM_ENCODING ok=1
Cmd: compileSnippet
  api=4 type=1 insize=22415 outsize=2506 kw= pd=UNITY_ENABLE_REFLECTION_BUFFERS UNITY_USE_DITHER_MASK_FOR_ALPHABLENDED_SHADOWS UNITY_PBS_USE_BRDF1 UNITY_SPECCUBE_BOX_PROJECTION UNITY_SPECCUBE_BLENDING UNITY_ENABLE_DETAIL_NORMALMAP SHADER_API_DESKTOP UNITY_LIGHT_PROBE_PROXY_VOLUME UNITY_LIGHTMAP_RGBM_ENCODING ok=1
Cmd: compileSnippet
  api=4 type=0 insize=22131 outsize=1046 kw= pd=UNITY_ENABLE_REFLECTION_BUFFERS UNITY_USE_DITHER_MASK_FOR_ALPHABLENDED_SHADOWS UNITY_PBS_USE_BRDF1 UNITY_SPECCUBE_BOX_PROJECTION UNITY_SPECCUBE_BLENDING UNITY_ENABLE_DETAIL_NORMALMAP SHADER_API_DESKTOP UNITY_LIGHT_PROBE_PROXY_VOLUME UNITY_LIGHTMAP_RGBM_ENCODING ok=1
Cmd: compileSnippet
  api=4 type=1 insize=22131 outsize=2598 kw= pd=UNITY_ENABLE_REFLECTION_BUFFERS UNITY_USE_DITHER_MASK_FOR_ALPHABLENDED_SHADOWS UNITY_PBS_USE_BRDF1 UNITY_SPECCUBE_BOX_PROJECTION UNITY_SPECCUBE_BLENDING UNITY_ENABLE_DETAIL_NORMALMAP SHADER_API_DESKTOP UNITY_LIGHT_PROBE_PROXY_VOLUME UNITY_LIGHTMAP_RGBM_ENCODING ok=1
Cmd: compileSnippet
  api=4 type=0 insize=23272 outsize=1298 kw= pd=UNITY_ENABLE_REFLECTION_BUFFERS UNITY_USE_DITHER_MASK_FOR_ALPHABLENDED_SHADOWS UNITY_PBS_USE_BRDF1 UNITY_SPECCUBE_BOX_PROJECTION UNITY_SPECCUBE_BLENDING UNITY_ENABLE_DETAIL_NORMALMAP SHADER_API_DESKTOP UNITY_LIGHT_PROBE_PROXY_VOLUME UNITY_LIGHTMAP_RGBM_ENCODING ok=1
Cmd: compileSnippet
  api=4 type=1 insize=23272 outsize=2622 kw= pd=UNITY_ENABLE_REFLECTION_BUFFERS UNITY_USE_DITHER_MASK_FOR_ALPHABLENDED_SHADOWS UNITY_PBS_USE_BRDF1 UNITY_SPECCUBE_BOX_PROJECTION UNITY_SPECCUBE_BLENDING UNITY_ENABLE_DETAIL_NORMALMAP SHADER_API_DESKTOP UNITY_LIGHT_PROBE_PROXY_VOLUME UNITY_LIGHTMAP_RGBM_ENCODING ok=1
Cmd: preprocess
  insize=771 outsize=196 ok=1
Cmd: preprocess
  insize=771 outsize=196 ok=1
Cmd: preprocess
  insize=771 outsize=196 ok=1
Cmd: preprocess
  insize=771 outsize=196 ok=1
Cmd: preprocess
  insize=771 outsize=196 ok=1
Cmd: preprocess
  insize=771 outsize=196 ok=1
Cmd: preprocess
  insize=771 outsize=196 ok=1
Cmd: preprocess
  insize=771 outsize=196 ok=1
Cmd: preprocess
  insize=771 outsize=196 ok=1
Cmd: preprocess
  insize=771 outsize=196 ok=1
Cmd: preprocess
  insize=771 outsize=196 ok=1
Cmd: preprocess
  insize=771 outsize=196 ok=1
Cmd: preprocess
  insize=771 outsize=196 ok=1
Cmd: preprocess
  insize=771 outsize=196 ok=1
Cmd: preprocess
  insize=771 outsize=196 ok=1
Cmd: preprocess
  insize=771 outsize=196 ok=1
Cmd: preprocess
  insize=771 outsize=196 ok=1
Cmd: preprocess
  insize=771 outsize=196 ok=1
Cmd: preprocess
  insize=771 outsize=196 ok=1
Cmd: preprocess
  insize=771 outsize=196 ok=1
Cmd: preprocess
  insize=771 outsize=196 ok=1
Cmd: preprocess
  insize=771 outsize=196 ok=1
Cmd: preprocess
  insize=771 outsize=196 ok=1
Cmd: preprocess
  insize=771 outsize=196 ok=1
Cmd: preprocess
  insize=771 outsize=196 ok=1
Cmd: preprocess
  insize=771 outsize=196 ok=1
Cmd: preprocess
  insize=771 outsize=196 ok=1
Cmd: preprocess
  insize=771 outsize=196 ok=1
Cmd: preprocess
  insize=771 outsize=196 ok=1
Cmd: preprocess
  insize=771 outsize=196 ok=1
Cmd: preprocess
  insize=771 outsize=196 ok=1
Cmd: preprocess
  insize=771 outsize=196 ok=1
Cmd: preprocess
  insize=771 outsize=196 ok=1
Cmd: preprocess
  insize=771 outsize=196 ok=1
Cmd: preprocess
  insize=771 outsize=196 ok=1
Cmd: preprocess
  insize=771 outsize=196 ok=1
Cmd: preprocess
  insize=771 outsize=196 ok=1
Cmd: preprocess
  insize=771 outsize=196 ok=1
Cmd: preprocess
  insize=771 outsize=196 ok=1
Cmd: preprocess
  insize=771 outsize=196 ok=1
Cmd: preprocess
  insize=771 outsize=196 ok=1
Cmd: preprocess
  insize=771 outsize=196 ok=1
Cmd: preprocess
  insize=771 outsize=196 ok=1
Cmd: preprocess
  insize=771 outsize=196 ok=1
Cmd: preprocess
  insize=771 outsize=196 ok=1
Cmd: preprocess
  insize=771 outsize=196 ok=1
Cmd: preprocess
  insize=771 outsize=196 ok=1
Cmd: preprocess
  insize=771 outsize=196 ok=1
Cmd: preprocess
  insize=771 outsize=196 ok=1
Cmd: preprocess
  insize=771 outsize=196 ok=1
Cmd: preprocess
  insize=771 outsize=196 ok=1
Cmd: preprocess
  insize=771 outsize=196 ok=1
Cmd: preprocess
  insize=771 outsize=196 ok=1
Cmd: preprocess
  insize=771 outsize=196 ok=1
Cmd: preprocess
  insize=771 outsize=196 ok=1
Cmd: preprocess
  insize=771 outsize=196 ok=1
Cmd: preprocess
  insize=771 outsize=196 ok=1
Cmd: preprocess
  insize=771 outsize=196 ok=1
Cmd: preprocess
  insize=771 outsize=196 ok=1
Cmd: preprocess
  insize=771 outsize=196 ok=1
Cmd: preprocess
  insize=771 outsize=196 ok=1
Cmd: preprocess
  insize=771 outsize=196 ok=1
Cmd: preprocess
  insize=771 outsize=196 ok=1
Cmd: preprocess
  insize=771 outsize=196 ok=1
Cmd: preprocess
  insize=771 outsize=196 ok=1
Cmd: preprocess
  insize=771 outsize=196 ok=1
Cmd: preprocess
  insize=771 outsize=196 ok=1
Cmd: preprocess
  insize=20733 outsize=867 ok=1
Cmd: preprocess
  insize=4054 outsize=607 ok=1
Cmd: preprocess
  insize=9390 outsize=748 ok=1
Cmd: preprocess
  insize=9575 outsize=599 ok=1
Cmd: preprocess
  insize=7296 outsize=597 ok=1
Cmd: preprocess
  insize=4313 outsize=600 ok=1
Cmd: preprocess
  insize=4497 outsize=599 ok=1
Cmd: preprocess
  insize=4510 outsize=599 ok=1
Cmd: preprocess
  insize=5177 outsize=609 ok=1
Cmd: preprocess
  insize=5739 outsize=609 ok=1
Cmd: preprocess
  insize=5157 outsize=608 ok=1
Cmd: preprocess
  insize=5720 outsize=609 ok=1
Cmd: preprocess
  insize=9219 outsize=595 ok=1
Cmd: preprocess
  insize=6969 outsize=597 ok=1
Cmd: preprocess
  insize=4962 outsize=608 ok=1
Cmd: preprocess
  insize=5524 outsize=609 ok=1
Cmd: preprocess
  insize=4299 outsize=599 ok=1
Cmd: preprocess
  insize=3650 outsize=601 ok=1
Cmd: preprocess
  insize=4949 outsize=608 ok=1
Cmd: preprocess
  insize=5511 outsize=609 ok=1
Cmd: preprocess
  insize=4808 outsize=601 ok=1
Cmd: preprocess
  insize=4524 outsize=605 ok=1
Cmd: preprocess
  insize=3692 outsize=606 ok=1
Cmd: preprocess
  insize=3618 outsize=605 ok=1
Cmd: preprocess
  insize=15309 outsize=729 ok=1
Cmd: preprocess
  insize=8136 outsize=736 ok=1
Cmd: preprocess
  insize=9591 outsize=599 ok=1
Cmd: preprocess
  insize=7308 outsize=597 ok=1
Cmd: preprocess
  insize=4309 outsize=600 ok=1
Cmd: preprocess
  insize=4502 outsize=598 ok=1
Cmd: preprocess
  insize=4506 outsize=599 ok=1
Cmd: preprocess
  insize=5173 outsize=609 ok=1
Cmd: preprocess
  insize=5735 outsize=609 ok=1
Cmd: preprocess
  insize=5170 outsize=609 ok=1
Cmd: preprocess
  insize=5732 outsize=608 ok=1
Cmd: preprocess
  insize=9236 outsize=597 ok=1
Cmd: preprocess
  insize=6978 outsize=597 ok=1
Cmd: preprocess
  insize=4958 outsize=608 ok=1
Cmd: preprocess
  insize=5520 outsize=608 ok=1
Cmd: preprocess
  insize=10985 outsize=597 ok=1
Cmd: preprocess
  insize=10749 outsize=602 ok=1
Cmd: preprocess
  insize=10419 outsize=602 ok=1
Cmd: preprocess
  insize=4309 outsize=600 ok=1
Cmd: preprocess
  insize=3646 outsize=601 ok=1
Cmd: preprocess
  insize=4958 outsize=608 ok=1
Cmd: preprocess
  insize=5520 outsize=607 ok=1
Cmd: preprocess
  insize=4054 outsize=608 ok=1
Cmd: preprocess
  insize=74335 outsize=1816 ok=1
Cmd: preprocess
  insize=27817 outsize=867 ok=1
Cmd: preprocess
  insize=11321 outsize=602 ok=1
Cmd: preprocess
  insize=771 outsize=196 ok=1
Cmd: preprocess
  insize=9362 outsize=755 ok=1
Cmd: preprocess
  insize=20705 outsize=874 ok=1
Cmd: preprocess
  insize=74237 outsize=1823 ok=1
Cmd: preprocess
  insize=27789 outsize=874 ok=1
Cmd: compileSnippet
  error: 1 plat 4 at (471): 'TransformObjectToWorld': implicit truncation of vector type\nCompiling Vertex program
Platform defines: UNITY_ENABLE_REFLECTION_BUFFERS UNITY_USE_DITHER_MASK_FOR_ALPHABLENDED_SHADOWS UNITY_PBS_USE_BRDF1 UNITY_SPECCUBE_BOX_PROJECTION UNITY_SPECCUBE_BLENDING UNITY_ENABLE_DETAIL_NORMALMAP SHADER_API_DESKTOP UNITY_LIGHT_PROBE_PROXY_VOLUME UNITY_LIGHTMAP_RGBM_ENCODING
  api=4 type=0 insize=27252 outsize=982 kw= pd=UNITY_ENABLE_REFLECTION_BUFFERS UNITY_USE_DITHER_MASK_FOR_ALPHABLENDED_SHADOWS UNITY_PBS_USE_BRDF1 UNITY_SPECCUBE_BOX_PROJECTION UNITY_SPECCUBE_BLENDING UNITY_ENABLE_DETAIL_NORMALMAP SHADER_API_DESKTOP UNITY_LIGHT_PROBE_PROXY_VOLUME UNITY_LIGHTMAP_RGBM_ENCODING ok=1
Cmd: compileSnippet
  error: 1 plat 4 at (471): 'TransformObjectToWorld': implicit truncation of vector type\nCompiling Fragment program
Platform defines: UNITY_ENABLE_REFLECTION_BUFFERS UNITY_USE_DITHER_MASK_FOR_ALPHABLENDED_SHADOWS UNITY_PBS_USE_BRDF1 UNITY_SPECCUBE_BOX_PROJECTION UNITY_SPECCUBE_BLENDING UNITY_ENABLE_DETAIL_NORMALMAP SHADER_API_DESKTOP UNITY_LIGHT_PROBE_PROXY_VOLUME UNITY_LIGHTMAP_RGBM_ENCODING
  api=4 type=1 insize=27252 outsize=3974 kw= pd=UNITY_ENABLE_REFLECTION_BUFFERS UNITY_USE_DITHER_MASK_FOR_ALPHABLENDED_SHADOWS UNITY_PBS_USE_BRDF1 UNITY_SPECCUBE_BOX_PROJECTION UNITY_SPECCUBE_BLENDING UNITY_ENABLE_DETAIL_NORMALMAP SHADER_API_DESKTOP UNITY_LIGHT_PROBE_PROXY_VOLUME UNITY_LIGHTMAP_RGBM_ENCODING ok=1
Cmd: compileSnippet
  api=4 type=0 insize=24021 outsize=1046 kw= pd=UNITY_ENABLE_REFLECTION_BUFFERS UNITY_USE_DITHER_MASK_FOR_ALPHABLENDED_SHADOWS UNITY_PBS_USE_BRDF1 UNITY_SPECCUBE_BOX_PROJECTION UNITY_SPECCUBE_BLENDING UNITY_ENABLE_DETAIL_NORMALMAP SHADER_API_DESKTOP UNITY_LIGHT_PROBE_PROXY_VOLUME UNITY_LIGHTMAP_RGBM_ENCODING ok=1
Cmd: compileSnippet
  api=4 type=1 insize=24021 outsize=2870 kw= pd=UNITY_ENABLE_REFLECTION_BUFFERS UNITY_USE_DITHER_MASK_FOR_ALPHABLENDED_SHADOWS UNITY_PBS_USE_BRDF1 UNITY_SPECCUBE_BOX_PROJECTION UNITY_SPECCUBE_BLENDING UNITY_ENABLE_DETAIL_NORMALMAP SHADER_API_DESKTOP UNITY_LIGHT_PROBE_PROXY_VOLUME UNITY_LIGHTMAP_RGBM_ENCODING ok=1
Cmd: preprocess
  insize=771 outsize=196 ok=1
Cmd: preprocess
  insize=8930 outsize=617 ok=1
Cmd: preprocess
  insize=20273 outsize=734 ok=1
Cmd: preprocess
  insize=73201 outsize=1693 ok=1
Cmd: preprocess
  insize=27357 outsize=736 ok=1
Cmd: compileSnippet
  error: 1 plat 4 at (469): 'TransformObjectToWorld': implicit truncation of vector type\nCompiling Vertex program
Platform defines: UNITY_ENABLE_REFLECTION_BUFFERS UNITY_USE_DITHER_MASK_FOR_ALPHABLENDED_SHADOWS UNITY_PBS_USE_BRDF1 UNITY_SPECCUBE_BOX_PROJECTION UNITY_SPECCUBE_BLENDING UNITY_ENABLE_DETAIL_NORMALMAP SHADER_API_DESKTOP UNITY_LIGHT_PROBE_PROXY_VOLUME UNITY_LIGHTMAP_RGBM_ENCODING
  api=4 type=0 insize=26958 outsize=982 kw= pd=UNITY_ENABLE_REFLECTION_BUFFERS UNITY_USE_DITHER_MASK_FOR_ALPHABLENDED_SHADOWS UNITY_PBS_USE_BRDF1 UNITY_SPECCUBE_BOX_PROJECTION UNITY_SPECCUBE_BLENDING UNITY_ENABLE_DETAIL_NORMALMAP SHADER_API_DESKTOP UNITY_LIGHT_PROBE_PROXY_VOLUME UNITY_LIGHTMAP_RGBM_ENCODING ok=1
Cmd: compileSnippet
  error: 1 plat 4 at (469): 'TransformObjectToWorld': implicit truncation of vector type\nCompiling Fragment program
Platform defines: UNITY_ENABLE_REFLECTION_BUFFERS UNITY_USE_DITHER_MASK_FOR_ALPHABLENDED_SHADOWS UNITY_PBS_USE_BRDF1 UNITY_SPECCUBE_BOX_PROJECTION UNITY_SPECCUBE_BLENDING UNITY_ENABLE_DETAIL_NORMALMAP SHADER_API_DESKTOP UNITY_LIGHT_PROBE_PROXY_VOLUME UNITY_LIGHTMAP_RGBM_ENCODING
  api=4 type=1 insize=26958 outsize=3910 kw= pd=UNITY_ENABLE_REFLECTION_BUFFERS UNITY_USE_DITHER_MASK_FOR_ALPHABLENDED_SHADOWS UNITY_PBS_USE_BRDF1 UNITY_SPECCUBE_BOX_PROJECTION UNITY_SPECCUBE_BLENDING UNITY_ENABLE_DETAIL_NORMALMAP SHADER_API_DESKTOP UNITY_LIGHT_PROBE_PROXY_VOLUME UNITY_LIGHTMAP_RGBM_ENCODING ok=1
Cmd: compileSnippet
  api=4 type=0 insize=23719 outsize=1046 kw= pd=UNITY_ENABLE_REFLECTION_BUFFERS UNITY_USE_DITHER_MASK_FOR_ALPHABLENDED_SHADOWS UNITY_PBS_USE_BRDF1 UNITY_SPECCUBE_BOX_PROJECTION UNITY_SPECCUBE_BLENDING UNITY_ENABLE_DETAIL_NORMALMAP SHADER_API_DESKTOP UNITY_LIGHT_PROBE_PROXY_VOLUME UNITY_LIGHTMAP_RGBM_ENCODING ok=1
Cmd: compileSnippet
  api=4 type=1 insize=23719 outsize=2806 kw= pd=UNITY_ENABLE_REFLECTION_BUFFERS UNITY_USE_DITHER_MASK_FOR_ALPHABLENDED_SHADOWS UNITY_PBS_USE_BRDF1 UNITY_SPECCUBE_BOX_PROJECTION UNITY_SPECCUBE_BLENDING UNITY_ENABLE_DETAIL_NORMALMAP SHADER_API_DESKTOP UNITY_LIGHT_PROBE_PROXY_VOLUME UNITY_LIGHTMAP_RGBM_ENCODING ok=1
Cmd: preprocess
  insize=67879 outsize=1703 ok=1
Cmd: compileSnippet
  api=4 type=0 insize=23061 outsize=1298 kw=USE_SHAPE_LIGHT_TYPE_0 USE_SHAPE_LIGHT_TYPE_1 USE_SHAPE_LIGHT_TYPE_2 USE_SHAPE_LIGHT_TYPE_3 pd=UNITY_ENABLE_REFLECTION_BUFFERS UNITY_USE_DITHER_MASK_FOR_ALPHABLENDED_SHADOWS UNITY_PBS_USE_BRDF1 UNITY_SPECCUBE_BOX_PROJECTION UNITY_SPECCUBE_BLENDING UNITY_ENABLE_DETAIL_NORMALMAP SHADER_API_DESKTOP UNITY_LIGHT_PROBE_PROXY_VOLUME UNITY_LIGHTMAP_RGBM_ENCODING ok=1
Cmd: compileSnippet
  api=4 type=1 insize=23061 outsize=4066 kw=USE_SHAPE_LIGHT_TYPE_0 USE_SHAPE_LIGHT_TYPE_1 USE_SHAPE_LIGHT_TYPE_2 USE_SHAPE_LIGHT_TYPE_3 pd=UNITY_ENABLE_REFLECTION_BUFFERS UNITY_USE_DITHER_MASK_FOR_ALPHABLENDED_SHADOWS UNITY_PBS_USE_BRDF1 UNITY_SPECCUBE_BOX_PROJECTION UNITY_SPECCUBE_BLENDING UNITY_ENABLE_DETAIL_NORMALMAP SHADER_API_DESKTOP UNITY_LIGHT_PROBE_PROXY_VOLUME UNITY_LIGHTMAP_RGBM_ENCODING ok=1
Cmd: compileSnippet
  api=4 type=0 insize=22204 outsize=1458 kw= pd=UNITY_ENABLE_REFLECTION_BUFFERS UNITY_USE_DITHER_MASK_FOR_ALPHABLENDED_SHADOWS UNITY_PBS_USE_BRDF1 UNITY_SPECCUBE_BOX_PROJECTION UNITY_SPECCUBE_BLENDING UNITY_ENABLE_DETAIL_NORMALMAP SHADER_API_DESKTOP UNITY_LIGHT_PROBE_PROXY_VOLUME UNITY_LIGHTMAP_RGBM_ENCODING ok=1
Cmd: compileSnippet
  api=4 type=1 insize=22204 outsize=2442 kw= pd=UNITY_ENABLE_REFLECTION_BUFFERS UNITY_USE_DITHER_MASK_FOR_ALPHABLENDED_SHADOWS UNITY_PBS_USE_BRDF1 UNITY_SPECCUBE_BOX_PROJECTION UNITY_SPECCUBE_BLENDING UNITY_ENABLE_DETAIL_NORMALMAP SHADER_API_DESKTOP UNITY_LIGHT_PROBE_PROXY_VOLUME UNITY_LIGHTMAP_RGBM_ENCODING ok=1
Cmd: compileSnippet
  api=4 type=0 insize=21920 outsize=1046 kw= pd=UNITY_ENABLE_REFLECTION_BUFFERS UNITY_USE_DITHER_MASK_FOR_ALPHABLENDED_SHADOWS UNITY_PBS_USE_BRDF1 UNITY_SPECCUBE_BOX_PROJECTION UNITY_SPECCUBE_BLENDING UNITY_ENABLE_DETAIL_NORMALMAP SHADER_API_DESKTOP UNITY_LIGHT_PROBE_PROXY_VOLUME UNITY_LIGHTMAP_RGBM_ENCODING ok=1
Cmd: compileSnippet
  api=4 type=1 insize=21920 outsize=2534 kw= pd=UNITY_ENABLE_REFLECTION_BUFFERS UNITY_USE_DITHER_MASK_FOR_ALPHABLENDED_SHADOWS UNITY_PBS_USE_BRDF1 UNITY_SPECCUBE_BOX_PROJECTION UNITY_SPECCUBE_BLENDING UNITY_ENABLE_DETAIL_NORMALMAP SHADER_API_DESKTOP UNITY_LIGHT_PROBE_PROXY_VOLUME UNITY_LIGHTMAP_RGBM_ENCODING ok=1
Cmd: compileSnippet
  api=4 type=0 insize=23061 outsize=1298 kw= pd=UNITY_ENABLE_REFLECTION_BUFFERS UNITY_USE_DITHER_MASK_FOR_ALPHABLENDED_SHADOWS UNITY_PBS_USE_BRDF1 UNITY_SPECCUBE_BOX_PROJECTION UNITY_SPECCUBE_BLENDING UNITY_ENABLE_DETAIL_NORMALMAP SHADER_API_DESKTOP UNITY_LIGHT_PROBE_PROXY_VOLUME UNITY_LIGHTMAP_RGBM_ENCODING ok=1
Cmd: compileSnippet
  api=4 type=1 insize=23061 outsize=2558 kw= pd=UNITY_ENABLE_REFLECTION_BUFFERS UNITY_USE_DITHER_MASK_FOR_ALPHABLENDED_SHADOWS UNITY_PBS_USE_BRDF1 UNITY_SPECCUBE_BOX_PROJECTION UNITY_SPECCUBE_BLENDING UNITY_ENABLE_DETAIL_NORMALMAP SHADER_API_DESKTOP UNITY_LIGHT_PROBE_PROXY_VOLUME UNITY_LIGHTMAP_RGBM_ENCODING ok=1
Cmd: preprocess
  insize=771 outsize=196 ok=1
Cmd: preprocess
  insize=771 outsize=196 ok=1
Cmd: preprocess
  insize=771 outsize=196 ok=1
Cmd: preprocess
  insize=771 outsize=196 ok=1
Cmd: preprocess
  insize=771 outsize=196 ok=1
Cmd: preprocess
  insize=771 outsize=196 ok=1
Cmd: preprocess
  insize=771 outsize=196 ok=1
Cmd: preprocess
  insize=771 outsize=196 ok=1
Cmd: preprocess
  insize=771 outsize=196 ok=1
Cmd: preprocess
  insize=771 outsize=196 ok=1
Cmd: preprocess
  insize=771 outsize=196 ok=1
Cmd: preprocess
  insize=771 outsize=196 ok=1
Cmd: preprocess
  insize=771 outsize=196 ok=1
Cmd: preprocess
  insize=771 outsize=196 ok=1
Cmd: preprocess
  insize=771 outsize=196 ok=1
Cmd: preprocess
  insize=771 outsize=196 ok=1
Cmd: preprocess
  insize=8164 outsize=400 ok=1
Cmd: preprocess
  insize=3768 outsize=407 ok=1
Cmd: preprocess
  insize=6055 outsize=401 ok=1
Cmd: preprocess
  insize=4629 outsize=408 ok=1
Cmd: preprocess
  insize=3313 outsize=401 ok=1
Cmd: preprocess
  insize=3976 outsize=400 ok=1
Cmd: preprocess
  insize=6903 outsize=402 ok=1
Cmd: preprocess
  insize=7259 outsize=401 ok=1
Cmd: preprocess
  insize=7439 outsize=402 ok=1
Cmd: preprocess
  insize=3578 outsize=406 ok=1
Cmd: preprocess
  insize=8124 outsize=402 ok=1
Cmd: preprocess
  insize=771 outsize=196 ok=1
Cmd: preprocess
  insize=771 outsize=196 ok=1
Cmd: preprocess
  insize=771 outsize=196 ok=1
Cmd: preprocess
  insize=771 outsize=196 ok=1
Cmd: preprocess
  insize=771 outsize=196 ok=1
Cmd: preprocess
  insize=771 outsize=196 ok=1
Cmd: preprocess
  insize=771 outsize=196 ok=1
Cmd: preprocess
  insize=771 outsize=196 ok=1
Cmd: preprocess
  insize=771 outsize=196 ok=1
Cmd: preprocess
  insize=771 outsize=196 ok=1
Cmd: preprocess
  insize=771 outsize=196 ok=1
Cmd: preprocess
  insize=771 outsize=196 ok=1
Cmd: preprocess
  insize=771 outsize=196 ok=1
Cmd: preprocess
  insize=31129 outsize=1398 ok=1
Cmd: preprocess
  insize=3809 outsize=420 ok=1
Cmd: preprocess
  insize=6135 outsize=414 ok=1
Cmd: preprocess
  insize=4709 outsize=421 ok=1
Cmd: preprocess
  insize=3393 outsize=414 ok=1
Cmd: preprocess
  insize=4056 outsize=413 ok=1
Cmd: preprocess
  insize=6985 outsize=415 ok=1
Cmd: preprocess
  insize=7341 outsize=414 ok=1
Cmd: preprocess
  insize=7546 outsize=415 ok=1
Cmd: preprocess
  insize=771 outsize=196 ok=1
Cmd: preprocess
  insize=771 outsize=196 ok=1
Cmd: preprocess
  insize=771 outsize=196 ok=1
Cmd: preprocess
  insize=771 outsize=196 ok=1
Cmd: preprocess
  insize=771 outsize=196 ok=1
Cmd: preprocess
  insize=771 outsize=196 ok=1
Cmd: preprocess
  insize=771 outsize=196 ok=1
Cmd: preprocess
  insize=771 outsize=196 ok=1
Cmd: preprocess
  insize=771 outsize=196 ok=1
Cmd: preprocess
  insize=771 outsize=196 ok=1
Cmd: preprocess
  insize=771 outsize=196 ok=1
Cmd: preprocess
  insize=771 outsize=196 ok=1
Cmd: preprocess
  insize=771 outsize=196 ok=1
Cmd: preprocess
  insize=771 outsize=196 ok=1
Cmd: preprocess
  insize=771 outsize=196 ok=1
Cmd: preprocess
  insize=771 outsize=196 ok=1
Cmd: preprocess
  insize=8164 outsize=400 ok=1
Cmd: preprocess
  insize=3768 outsize=407 ok=1
Cmd: preprocess
  insize=6055 outsize=401 ok=1
Cmd: preprocess
  insize=4629 outsize=408 ok=1
Cmd: preprocess
  insize=3313 outsize=401 ok=1
Cmd: preprocess
  insize=3976 outsize=400 ok=1
Cmd: preprocess
  insize=6903 outsize=402 ok=1
Cmd: preprocess
  insize=7259 outsize=401 ok=1
Cmd: preprocess
  insize=7439 outsize=402 ok=1
Cmd: preprocess
  insize=3578 outsize=406 ok=1
Cmd: preprocess
  insize=8124 outsize=402 ok=1
